[00:00:03] [Server thread/INFO]: [Muti: Set own game mode to Survival Mode]
[00:00:26] [Server thread/INFO]: Exceedy was shot by mEnesmErk
[00:00:35] [Server thread/INFO]: [Exceedy: Teleported Exceedy to mEnesmErk]
[00:00:36] [Server thread/INFO]: [Muti: Set the weather to clear]
[00:00:40] [Server thread/INFO]: [Muti: Set the time to 0]
[00:00:53] [Server thread/INFO]: Exceedy was slain by mEnesmErk
[00:01:01] [Server thread/INFO]: [Exceedy: Teleported Exceedy to mEnesmErk]
[00:01:38] [Server thread/INFO]: Exceedy was shot by Muti
[00:01:49] [Server thread/INFO]: [Exceedy: Teleported Exceedy to mEnesmErk]
[00:02:27] [Server thread/INFO]: [Muti: Set own game mode to Creative Mode]
[00:02:56] [Server thread/INFO]: [Muti: Set own game mode to Survival Mode]
[00:03:30] [Server thread/INFO]: mEnesmErk was shot by Exceedy
[00:03:54] [Server thread/INFO]: mEnesmErk lost connection: Disconnected
[00:03:54] [Server thread/INFO]: mEnesmErk left the game
[00:03:59] [Server thread/INFO]: Exceedy lost connection: Timed out
[00:03:59] [Server thread/INFO]: Exceedy left the game
[00:04:07] [Server thread/INFO]: Exceedy[/78.189.135.118:49233] logged in with entity id 72177 at (563.3326581644681, 66.0, -114.10378586141812)
[00:04:07] [Server thread/INFO]: Exceedy joined the game
[00:05:00] [Server thread/INFO]: Exceedy was slain by Muti
[00:05:02] [Server thread/WARN]: Exceedy moved too quickly! 9.764586883266134,0.2841635231791173,-3.06023506139978
[00:05:09] [Server thread/INFO]: [Muti: Teleported Exceedy to Muti]
[00:05:20] [Server thread/INFO]: Exceedy was shot by Muti
[00:05:23] [Server thread/INFO]: [Muti: Teleported Exceedy to Muti]
[00:05:26] [Server thread/INFO]: [Muti: Teleported Exceedy to Muti]
[00:05:43] [Server thread/INFO]: [Muti: Set the weather to clear]
[00:05:56] [Server thread/INFO]: [Muti: Teleported Exceedy to Muti]
[00:07:24] [Server thread/INFO]: Exceedy has made the advancement [A Throwaway Joke]
[00:07:58] [Server thread/INFO]: Muti has made the advancement [A Throwaway Joke]
[00:08:07] [Server thread/INFO]: [Muti: Set own game mode to Creative Mode]
[00:08:10] [Server thread/INFO]: [Muti: Set own game mode to Survival Mode]
[00:08:18] [Server thread/INFO]: [Muti: Set own game mode to Creative Mode]
[00:08:26] [Server thread/INFO]: Exceedy was impaled by Muti
[00:08:35] [Server thread/INFO]: [Exceedy: Teleported Exceedy to Muti]
[00:08:37] [Server thread/INFO]: [Muti: Teleported Exceedy to Muti]
[00:08:49] [Server thread/INFO]: [Exceedy: Set spawn point to 569, 66, -115 for Exceedy]
[00:08:53] [Server thread/INFO]: [Muti: Set spawn point to 575, 66, -114 for Exceedy]
[00:09:27] [Server thread/INFO]: [Exceedy: Set own game mode to Creative Mode]
[00:09:48] [Server thread/WARN]: Exceedy moved too quickly! 7.372767757430552,0.11568255669760674,-7.090206077910324
[00:10:37] [Server thread/INFO]: [Muti: Successfully filled 374 blocks]
[00:10:46] [Server thread/INFO]: [Muti: Successfully filled 2160 blocks]
[00:10:49] [Server thread/INFO]: [Muti: Successfully filled 2160 blocks]
[00:13:08] [Server thread/INFO]: [Muti: Successfully filled 2144 blocks]
[00:13:42] [Server thread/INFO]: [Muti: Set the weather to clear]
[00:13:45] [Server thread/INFO]: [Muti: Set the time to 0]
[00:15:07] [Server thread/INFO]: [Muti: Successfully filled 2160 blocks]
[00:15:10] [Server thread/INFO]: [Muti: Successfully filled 2160 blocks]
[00:15:31] [Server thread/INFO]: [Muti: Successfully filled 2160 blocks]
[00:15:53] [Server thread/INFO]: [Muti: Successfully filled 2160 blocks]
[00:15:58] [Server thread/INFO]: [Muti: Successfully filled 2160 blocks]
[00:15:59] [Server thread/INFO]: [Muti: Successfully filled 2160 blocks]
[00:16:05] [Server thread/INFO]: [Muti: Successfully filled 2160 blocks]
[00:16:17] [Server thread/INFO]: [Muti: Successfully filled 2160 blocks]
[00:16:38] [Server thread/INFO]: [Muti: Successfully filled 2160 blocks]
[00:16:45] [Server thread/INFO]: [Muti: Successfully filled 2160 blocks]
[00:18:24] [Server thread/WARN]: Exceedy moved too quickly! -5.630407567228303,4.401737856184781,-7.4165570315362
[00:18:30] [Server thread/INFO]: [Exceedy: Set own game mode to Survival Mode]
[00:18:43] [Server thread/INFO]: [Exceedy: Set own game mode to Creative Mode]
[00:18:54] [Server thread/INFO]: [Muti: Successfully filled 672 blocks]
[00:19:17] [Server thread/WARN]: Exceedy moved too quickly! 2.294241752849757,4.940855417462444,-8.799335295590268
[00:19:23] [Server thread/WARN]: Exceedy moved too quickly! -0.6678605912505873,3.3490206121319375,9.516528117587654
[00:19:39] [Server thread/INFO]: [Muti: Successfully filled 246 blocks]
[00:20:20] [Server thread/INFO]: [Muti: Changed the block at 605, 99, -110]
[00:20:36] [Server thread/INFO]: [Muti: Set the weather to clear]
[00:20:41] [Server thread/INFO]: [Muti: Set the time to 0]
[00:20:48] [Server thread/INFO]: [Muti: Successfully filled 26 blocks]
[00:20:58] [Server thread/INFO]: [Muti: Set the time to 2147483647]
[00:21:06] [Server thread/INFO]: [Muti: Set the time to 18000]
[00:23:06] [Server thread/INFO]: [Muti: Successfully filled 9180 blocks]
[00:24:55] [Server thread/INFO]: [Muti: Successfully filled 14993 blocks]
[00:25:23] [Server thread/INFO]: [Muti: Successfully filled 15004 blocks]
[00:25:47] [Server thread/INFO]: [Muti: Set the weather to clear]
[00:25:50] [Server thread/INFO]: [Muti: Set the time to 0]
[00:26:21] [Server thread/INFO]: [Muti: Successfully filled 15004 blocks]
[00:26:54] [Server thread/INFO]: [Muti: Successfully filled 15004 blocks]
[00:27:01] [Server thread/INFO]: [Muti: Successfully filled 15004 blocks]
[00:27:13] [Server thread/INFO]: [Muti: Successfully filled 15004 blocks]
[00:28:35] [Server thread/INFO]: [Exceedy: Set own game mode to Survival Mode]
[00:28:46] [Server thread/INFO]: Exceedy lost connection: Disconnected
[00:28:46] [Server thread/INFO]: Exceedy left the game
[00:29:02] [Server thread/INFO]: [Muti: Successfully filled 15004 blocks]
[00:29:57] [Server thread/INFO]: Muti lost connection: Disconnected
[00:29:57] [Server thread/INFO]: Muti left the game
[00:30:07] [Server thread/INFO]: Unknown command
[00:30:07] [Server thread/INFO]: exit<--[HERE]
[00:30:11] [Server thread/INFO]: Unknown command
[00:30:11] [Server thread/INFO]: close<--[HERE]
[00:30:14] [Server thread/INFO]: /advancement (grant|revoke)
[00:30:14] [Server thread/INFO]: /ban <targets> [<reason>]
[00:30:14] [Server thread/INFO]: /ban-ip <target> [<reason>]
[00:30:14] [Server thread/INFO]: /banlist [ips|players]
[00:30:14] [Server thread/INFO]: /bossbar (add|get|list|remove|set)
[00:30:14] [Server thread/INFO]: /clear [<targets>]
[00:30:14] [Server thread/INFO]: /clone <begin> <end> <destination> [filtered|masked|replace]
[00:30:14] [Server thread/INFO]: /data (get|merge|modify|remove)
[00:30:14] [Server thread/INFO]: /datapack (disable|enable|list)
[00:30:14] [Server thread/INFO]: /debug (report|start|stop)
[00:30:14] [Server thread/INFO]: /defaultgamemode (adventure|creative|spectator|survival)
[00:30:14] [Server thread/INFO]: /deop <targets>
[00:30:14] [Server thread/INFO]: /difficulty [easy|hard|normal|peaceful]
[00:30:14] [Server thread/INFO]: /effect (clear|give)
[00:30:14] [Server thread/INFO]: /enchant <targets> <enchantment> [<level>]
[00:30:14] [Server thread/INFO]: /execute (align|anchored|as|at|facing|if|in|positioned|rotated|run|store|unless)
[00:30:14] [Server thread/INFO]: /experience (add|query|set)
[00:30:14] [Server thread/INFO]: /fill <from> <to> <block> [destroy|hollow|keep|outline|replace]
[00:30:14] [Server thread/INFO]: /forceload (add|query|remove)
[00:30:14] [Server thread/INFO]: /function <name>
[00:30:14] [Server thread/INFO]: /gamemode (adventure|creative|spectator|survival)
[00:30:14] [Server thread/INFO]: /gamerule (announceAdvancements|commandBlockOutput|disableElytraMovementCheck|disableRaids|doDaylightCycle|doEntityDrops|doFireTick|doLimitedCrafting|doMobLoot|doMobSpawning|doTileDrops|doWeatherCycle|keepInventory|logAdminCommands|maxCommandChainLength|maxEntityCramming|mobGriefing|naturalRegeneration|randomTickSpeed|reducedDebugInfo|sendCommandFeedback|showDeathMessages|spawnRadius|spectatorsGenerateChunks)
[00:30:14] [Server thread/INFO]: /give <targets> <item> [<count>]
[00:30:14] [Server thread/INFO]: /help [<command>]
[00:30:14] [Server thread/INFO]: /kick <targets> [<reason>]
[00:30:14] [Server thread/INFO]: /kill <targets>
[00:30:14] [Server thread/INFO]: /list [uuids]
[00:30:14] [Server thread/INFO]: /locate (Buried_Treasure|Desert_Pyramid|EndCity|Fortress|Igloo|Jungle_Pyramid|Mansion|Mineshaft|Monument|Ocean_Ruin|Pillager_Outpost|Shipwreck|Stronghold|Swamp_Hut|Village)
[00:30:14] [Server thread/INFO]: /loot (give|insert|replace|spawn)
[00:30:14] [Server thread/INFO]: /me <action>
[00:30:14] [Server thread/INFO]: /msg <targets> <message>
[00:30:14] [Server thread/INFO]: /op <targets>
[00:30:14] [Server thread/INFO]: /pardon <targets>
[00:30:14] [Server thread/INFO]: /pardon-ip <target>
[00:30:14] [Server thread/INFO]: /particle <name> [<pos>]
[00:30:14] [Server thread/INFO]: /playsound <sound> (ambient|block|hostile|master|music|neutral|player|record|voice|weather)
[00:30:14] [Server thread/INFO]: /recipe (give|take)
[00:30:14] [Server thread/INFO]: /reload
[00:30:14] [Server thread/INFO]: /replaceitem (block|entity)
[00:30:14] [Server thread/INFO]: /save-all [flush]
[00:30:14] [Server thread/INFO]: /save-off
[00:30:14] [Server thread/INFO]: /save-on
[00:30:14] [Server thread/INFO]: /say <message>
[00:30:14] [Server thread/INFO]: /schedule function <function> <time>
[00:30:14] [Server thread/INFO]: /scoreboard (objectives|players)
[00:30:14] [Server thread/INFO]: /seed
[00:30:14] [Server thread/INFO]: /setblock <pos> <block> [destroy|keep|replace]
[00:30:14] [Server thread/INFO]: /setidletimeout <minutes>
[00:30:14] [Server thread/INFO]: /setworldspawn [<pos>]
[00:30:14] [Server thread/INFO]: /spawnpoint [<targets>]
[00:30:14] [Server thread/INFO]: /spreadplayers <center> <spreadDistance> <maxRange> <respectTeams> <targets>
[00:30:14] [Server thread/INFO]: /stop
[00:30:14] [Server thread/INFO]: /stopsound <targets> [*|ambient|block|hostile|master|music|neutral|player|record|voice|weather]
[00:30:14] [Server thread/INFO]: /summon <entity> [<pos>]
[00:30:14] [Server thread/INFO]: /tag <targets> (add|list|remove)
[00:30:14] [Server thread/INFO]: /team (add|empty|join|leave|list|modify|remove)
[00:30:14] [Server thread/INFO]: /teammsg <message>
[00:30:14] [Server thread/INFO]: /teleport (<destination>|<location>|<targets>)
[00:30:14] [Server thread/INFO]: /tell -> msg
[00:30:14] [Server thread/INFO]: /tellraw <targets> <message>
[00:30:14] [Server thread/INFO]: /time (add|query|set)
[00:30:14] [Server thread/INFO]: /title <targets> (actionbar|clear|reset|subtitle|times|title)
[00:30:14] [Server thread/INFO]: /tm -> teammsg
[00:30:14] [Server thread/INFO]: /tp -> teleport
[00:30:14] [Server thread/INFO]: /trigger <objective> [add|set]
[00:30:14] [Server thread/INFO]: /w -> msg
[00:30:14] [Server thread/INFO]: /weather (clear|rain|thunder)
[00:30:14] [Server thread/INFO]: /whitelist (add|list|off|on|reload|remove)
[00:30:14] [Server thread/INFO]: /worldborder (add|center|damage|get|set|warning)
[00:30:14] [Server thread/INFO]: /xp -> experience
[00:30:34] [Server thread/INFO]: Stopping server
[00:30:34] [Server thread/INFO]: Saving players
[00:30:34] [Server thread/INFO]: Saving worlds
[00:30:34] [Server thread/INFO]: Saving chunks for level 'world'/minecraft:overworld
[00:30:34] [Server thread/INFO]: ThreadedAnvilChunkStorage (world): All chunks are saved
[00:30:34] [Server thread/INFO]: Saving chunks for level 'world'/minecraft:the_end
[00:30:34] [Server thread/INFO]: ThreadedAnvilChunkStorage (DIM1): All chunks are saved
[00:30:34] [Server thread/INFO]: Saving chunks for level 'world'/minecraft:the_nether
[00:30:34] [Server thread/INFO]: ThreadedAnvilChunkStorage (DIM-1): All chunks are saved
[00:30:34] [Server thread/INFO]: ThreadedAnvilChunkStorage (world): All chunks are saved
[00:30:34] [Server thread/INFO]: ThreadedAnvilChunkStorage (DIM1): All chunks are saved
[00:30:34] [Server thread/INFO]: ThreadedAnvilChunkStorage (DIM-1): All chunks are saved
